<?xml version="1.0" encoding="UTF-8"?>
<!-- Generated by org.testng.reporters.JUnitReportReporter -->
<testsuite hostname="LAPTOP-C9SNNQ6K" failures="0" tests="1" name="com.Goibibo.HomePageTest" time="37.807" errors="0" timestamp="2025-05-15T22:35:59 IST" skipped="0">
  <testcase classname="com.Goibibo.HomePageTest" name="test1" time="37.807"/>
</testsuite> <!-- com.Goibibo.HomePageTest -->
