<?xml version="1.0" encoding="UTF-8"?>
<!-- Generated by org.testng.reporters.JUnitReportReporter -->
<testsuite hostname="LAPTOP-C9SNNQ6K" failures="0" tests="1" name="com.Goibibo.windowHandler" time="9.530" errors="0" timestamp="2025-05-15T22:01:51 IST" skipped="0">
  <testcase classname="com.Goibibo.windowHandler" name="test1" time="9.530"/>
</testsuite> <!-- com.Goibibo.windowHandler -->
