<?xml version="1.0" encoding="UTF-8"?>
<!-- Generated by org.testng.reporters.JUnitReportReporter -->
<testsuite hostname="LAPTOP-C9SNNQ6K" failures="0" tests="1" name="com.Goibibo.HoverTest" time="5.854" errors="0" timestamp="2025-05-15T22:10:02 IST" skipped="0">
  <testcase classname="com.Goibibo.HoverTest" name="test1" time="5.854"/>
</testsuite> <!-- com.Goibibo.HoverTest -->
