<?xml version="1.0" encoding="UTF-8"?>
<!-- Generated by org.testng.reporters.JUnitReportReporter -->
<testsuite hostname="LAPTOP-C9SNNQ6K" failures="0" tests="1" name="com.Goibibo.JsExecutorTest" time="7.609" errors="0" timestamp="2025-05-15T22:13:45 IST" skipped="0">
  <testcase classname="com.Goibibo.JsExecutorTest" name="test1" time="7.609"/>
</testsuite> <!-- com.Goibibo.JsExecutorTest -->
