<?xml version="1.0" encoding="UTF-8"?>
<!-- Generated by org.testng.reporters.JUnitReportReporter -->
<testsuite hostname="LAPTOP-C9SNNQ6K" failures="0" tests="1" name="com.Goibibo.FlightAutomation" time="50.099" errors="0" timestamp="2025-05-15T22:06:43 IST" skipped="0">
  <testcase classname="com.Goibibo.FlightAutomation" name="test1" time="50.099"/>
</testsuite> <!-- com.Goibibo.FlightAutomation -->
