<?xml version="1.0" encoding="UTF-8"?>
<!-- Generated by org.testng.reporters.JUnitReportReporter -->
<testsuite hostname="LAPTOP-C9SNNQ6K" failures="0" tests="1" name="com.Goibibo.LoginTest" time="7.414" errors="0" timestamp="2025-05-15T21:40:43 IST" skipped="0">
  <testcase classname="com.Goibibo.LoginTest" name="testLogin" time="7.414"/>
</testsuite> <!-- com.Goibibo.LoginTest -->
